2025-07-15 07:48:29,919 - INFO - Starting the document comparison webapp.
2025-07-15 07:48:29,919 - INFO - Checking and installing/upgrading package: flask
2025-07-15 07:48:35,154 - INFO - Successfully installed/upgraded flask.
2025-07-15 07:48:35,233 - INFO - PyPDF2 is already installed.
2025-07-15 07:48:35,233 - INFO - Checking and installing/upgrading package: PyPDF2
2025-07-15 07:48:40,058 - INFO - Successfully installed/upgraded PyPDF2.
2025-07-15 07:48:40,180 - INFO - docx is already installed.
2025-07-15 07:48:40,180 - INFO - Checking and installing/upgrading package: python-docx
2025-07-15 07:48:46,475 - INFO - Successfully installed/upgraded python-docx.
2025-07-15 07:48:46,481 - INFO - docx not found. Installing now.
2025-07-15 07:48:46,481 - INFO - Checking and installing/upgrading package: python-docx
2025-07-15 07:48:52,255 - INFO - Successfully installed/upgraded python-docx.
2025-07-15 07:48:52,267 - INFO - sumy is already installed.
2025-07-15 07:48:52,267 - INFO - Checking and installing/upgrading package: sumy
2025-07-15 07:48:59,306 - INFO - Successfully installed/upgraded sumy.
2025-07-15 07:49:01,974 - INFO - NumExpr defaulting to 8 threads.
2025-07-15 07:49:03,172 - INFO - nltk is already installed.
2025-07-15 07:49:03,173 - INFO - Checking and installing/upgrading package: nltk
2025-07-15 07:49:10,528 - INFO - Successfully installed/upgraded nltk.
2025-07-15 07:49:10,530 - INFO - sklearn is already installed.
2025-07-15 07:49:10,530 - INFO - Checking and installing/upgrading package: scikit-learn
2025-07-15 07:49:15,568 - INFO - Successfully installed/upgraded scikit-learn.
2025-07-15 07:49:23,606 - INFO - spacy is already installed.
2025-07-15 07:49:23,607 - INFO - Checking and installing/upgrading package: spacy
2025-07-15 07:49:31,025 - INFO - Successfully installed/upgraded spacy.
2025-07-15 07:49:33,033 - INFO - Extracting text from /home/jarvis/Downloads/webapp/test_sample.txt (extension: .txt)
2025-07-15 07:49:33,033 - INFO - Extracting text from /home/jarvis/Downloads/webapp/test_sample.md (extension: .md)
2025-07-15 07:50:16,872 - INFO - Starting the document comparison webapp.
2025-07-15 07:50:16,872 - INFO - Checking and installing/upgrading package: flask
2025-07-15 07:50:21,465 - INFO - Successfully installed/upgraded flask.
2025-07-15 07:50:21,520 - INFO - PyPDF2 is already installed.
2025-07-15 07:50:21,520 - INFO - Checking and installing/upgrading package: PyPDF2
2025-07-15 07:50:25,878 - INFO - Successfully installed/upgraded PyPDF2.
2025-07-15 07:50:25,961 - INFO - docx is already installed.
2025-07-15 07:50:25,961 - INFO - Checking and installing/upgrading package: python-docx
2025-07-15 07:50:30,812 - INFO - Successfully installed/upgraded python-docx.
2025-07-15 07:50:30,813 - INFO - sumy is already installed.
2025-07-15 07:50:30,814 - INFO - Checking and installing/upgrading package: sumy
2025-07-15 07:50:35,287 - INFO - Successfully installed/upgraded sumy.
2025-07-15 07:50:36,803 - INFO - NumExpr defaulting to 8 threads.
2025-07-15 07:50:37,451 - INFO - nltk is already installed.
2025-07-15 07:50:37,451 - INFO - Checking and installing/upgrading package: nltk
2025-07-15 07:50:42,104 - INFO - Successfully installed/upgraded nltk.
2025-07-15 07:50:42,106 - INFO - sklearn is already installed.
2025-07-15 07:50:42,106 - INFO - Checking and installing/upgrading package: scikit-learn
2025-07-15 07:50:46,621 - INFO - Successfully installed/upgraded scikit-learn.
2025-07-15 07:50:52,123 - INFO - spacy is already installed.
2025-07-15 07:50:52,123 - INFO - Checking and installing/upgrading package: spacy
2025-07-15 07:50:57,304 - INFO - Successfully installed/upgraded spacy.
2025-07-15 07:50:59,404 - INFO - [31m[1mWARNING: This is a development server. Do not use it in a production deployment. Use a production WSGI server instead.[0m
 * Running on http://127.0.0.1:5000
2025-07-15 07:50:59,404 - INFO - [33mPress CTRL+C to quit[0m
2025-07-15 07:50:59,420 - INFO -  * Restarting with watchdog (inotify)
2025-07-15 07:50:59,767 - INFO - Starting the document comparison webapp.
2025-07-15 07:50:59,768 - INFO - Checking and installing/upgrading package: flask
2025-07-15 07:51:04,457 - INFO - Successfully installed/upgraded flask.
2025-07-15 07:51:04,518 - INFO - PyPDF2 is already installed.
2025-07-15 07:51:04,519 - INFO - Checking and installing/upgrading package: PyPDF2
2025-07-15 07:51:09,158 - INFO - Successfully installed/upgraded PyPDF2.
2025-07-15 07:51:09,248 - INFO - docx is already installed.
2025-07-15 07:51:09,248 - INFO - Checking and installing/upgrading package: python-docx
2025-07-15 07:51:13,559 - INFO - Successfully installed/upgraded python-docx.
2025-07-15 07:51:13,560 - INFO - sumy is already installed.
2025-07-15 07:51:13,560 - INFO - Checking and installing/upgrading package: sumy
2025-07-15 07:51:18,025 - INFO - Successfully installed/upgraded sumy.
2025-07-15 07:51:19,499 - INFO - NumExpr defaulting to 8 threads.
2025-07-15 07:51:20,114 - INFO - nltk is already installed.
2025-07-15 07:51:20,114 - INFO - Checking and installing/upgrading package: nltk
2025-07-15 07:51:25,130 - INFO - Successfully installed/upgraded nltk.
2025-07-15 07:51:25,131 - INFO - sklearn is already installed.
2025-07-15 07:51:25,132 - INFO - Checking and installing/upgrading package: scikit-learn
2025-07-15 07:51:29,756 - INFO - Successfully installed/upgraded scikit-learn.
2025-07-15 07:51:35,406 - INFO - spacy is already installed.
2025-07-15 07:51:35,407 - INFO - Checking and installing/upgrading package: spacy
2025-07-15 07:51:40,136 - INFO - Successfully installed/upgraded spacy.
2025-07-15 07:51:41,733 - WARNING -  * Debugger is active!
2025-07-15 07:51:41,736 - INFO -  * Debugger PIN: 853-047-994
2025-07-15 07:52:30,819 - INFO - 127.0.0.1 - - [15/Jul/2025 07:52:30] "HEAD / HTTP/1.1" 200 -
2025-07-15 07:53:12,366 - INFO - Extracting text from uploads/test_doc1.txt (extension: .txt)
2025-07-15 07:53:12,366 - INFO - Extracting text from uploads/test_doc2.txt (extension: .txt)
2025-07-15 07:53:12,829 - INFO - 127.0.0.1 - - [15/Jul/2025 07:53:12] "POST / HTTP/1.1" 200 -
2025-07-15 07:53:39,517 - INFO -  * Detected change in '/home/jarvis/Downloads/webapp/test_pdf_generator.py.tmp.52552.1752580419514', reloading
2025-07-15 07:53:41,904 - INFO -  * Restarting with watchdog (inotify)
2025-07-15 07:53:42,197 - INFO - Starting the document comparison webapp.
2025-07-15 07:53:42,197 - INFO - Checking and installing/upgrading package: flask
2025-07-15 07:53:46,728 - INFO - Successfully installed/upgraded flask.
2025-07-15 07:53:46,799 - INFO - PyPDF2 is already installed.
2025-07-15 07:53:46,799 - INFO - Checking and installing/upgrading package: PyPDF2
2025-07-15 07:53:51,259 - INFO - Successfully installed/upgraded PyPDF2.
2025-07-15 07:53:51,337 - INFO - docx is already installed.
2025-07-15 07:53:51,337 - INFO - Checking and installing/upgrading package: python-docx
2025-07-15 07:53:56,205 - INFO - Successfully installed/upgraded python-docx.
2025-07-15 07:53:56,206 - INFO - sumy is already installed.
2025-07-15 07:53:56,206 - INFO - Checking and installing/upgrading package: sumy
2025-07-15 07:54:01,347 - INFO - Successfully installed/upgraded sumy.
2025-07-15 07:54:03,039 - INFO - NumExpr defaulting to 8 threads.
2025-07-15 07:54:03,751 - INFO - nltk is already installed.
2025-07-15 07:54:03,752 - INFO - Checking and installing/upgrading package: nltk
2025-07-15 07:54:08,161 - INFO - Successfully installed/upgraded nltk.
2025-07-15 07:54:08,164 - INFO - sklearn is already installed.
2025-07-15 07:54:08,164 - INFO - Checking and installing/upgrading package: scikit-learn
2025-07-15 07:54:13,100 - INFO - Successfully installed/upgraded scikit-learn.
2025-07-15 07:54:18,729 - INFO - spacy is already installed.
2025-07-15 07:54:18,729 - INFO - Checking and installing/upgrading package: spacy
2025-07-15 07:54:23,635 - INFO - Successfully installed/upgraded spacy.
2025-07-15 07:54:25,369 - WARNING -  * Debugger is active!
2025-07-15 07:54:25,372 - INFO -  * Debugger PIN: 853-047-994
2025-07-15 07:54:27,735 - INFO - Extracting text from uploads/test_doc1.pdf (extension: .pdf)
2025-07-15 07:54:27,749 - INFO - Extracting text from uploads/test_doc2.pdf (extension: .pdf)
2025-07-15 07:54:28,234 - INFO - 127.0.0.1 - - [15/Jul/2025 07:54:28] "POST / HTTP/1.1" 200 -
2025-07-15 07:54:28,530 - INFO -  * Detected change in '/usr/lib/python3/dist-packages/problem_report.py.dpkg-new', reloading
2025-07-15 07:54:28,839 - INFO -  * Detected change in '/usr/lib/python3/dist-packages/apport/REThread.py.dpkg-new', reloading
2025-07-15 07:54:28,840 - INFO -  * Detected change in '/usr/lib/python3/dist-packages/apport/__init__.py.dpkg-new', reloading
2025-07-15 07:54:28,841 - INFO -  * Detected change in '/usr/lib/python3/dist-packages/apport/crashdb.py.dpkg-new', reloading
2025-07-15 07:54:28,842 - INFO -  * Detected change in '/usr/lib/python3/dist-packages/apport/crashdb_impl/__init__.py.dpkg-new', reloading
2025-07-15 07:54:28,843 - INFO -  * Detected change in '/usr/lib/python3/dist-packages/apport/crashdb_impl/debian.py.dpkg-new', reloading
2025-07-15 07:54:28,845 - INFO -  * Detected change in '/usr/lib/python3/dist-packages/apport/crashdb_impl/github.py.dpkg-new', reloading
2025-07-15 07:54:28,846 - INFO -  * Detected change in '/usr/lib/python3/dist-packages/apport/crashdb_impl/launchpad.py.dpkg-new', reloading
2025-07-15 07:54:28,847 - INFO -  * Detected change in '/usr/lib/python3/dist-packages/apport/crashdb_impl/memory.py.dpkg-new', reloading
2025-07-15 07:54:28,848 - INFO -  * Detected change in '/usr/lib/python3/dist-packages/apport/fileutils.py.dpkg-new', reloading
2025-07-15 07:54:28,849 - INFO -  * Detected change in '/usr/lib/python3/dist-packages/apport/hookutils.py.dpkg-new', reloading
2025-07-15 07:54:28,850 - INFO -  * Detected change in '/usr/lib/python3/dist-packages/apport/logging.py.dpkg-new', reloading
2025-07-15 07:54:28,851 - INFO -  * Detected change in '/usr/lib/python3/dist-packages/apport/packaging.py.dpkg-new', reloading
2025-07-15 07:54:28,852 - INFO -  * Detected change in '/usr/lib/python3/dist-packages/apport/packaging_impl/__init__.py.dpkg-new', reloading
2025-07-15 07:54:28,853 - INFO -  * Detected change in '/usr/lib/python3/dist-packages/apport/packaging_impl/apt_dpkg.py.dpkg-new', reloading
2025-07-15 07:54:28,854 - INFO -  * Detected change in '/usr/lib/python3/dist-packages/apport/packaging_impl/rpm.py.dpkg-new', reloading
2025-07-15 07:54:28,855 - INFO -  * Detected change in '/usr/lib/python3/dist-packages/apport/report.py.dpkg-new', reloading
2025-07-15 07:54:28,856 - INFO -  * Detected change in '/usr/lib/python3/dist-packages/apport/sandboxutils.py.dpkg-new', reloading
2025-07-15 07:54:28,857 - INFO -  * Detected change in '/usr/lib/python3/dist-packages/apport/ui.py.dpkg-new', reloading
2025-07-15 07:54:28,858 - INFO -  * Detected change in '/usr/lib/python3/dist-packages/apport/user_group.py.dpkg-new', reloading
2025-07-15 07:54:28,859 - INFO -  * Detected change in '/usr/lib/python3/dist-packages/apport_python_hook.py.dpkg-new', reloading
2025-07-15 07:54:30,370 - INFO -  * Restarting with watchdog (inotify)
2025-07-15 07:54:30,678 - INFO - Starting the document comparison webapp.
2025-07-15 07:54:30,678 - INFO - Checking and installing/upgrading package: flask
2025-07-15 07:54:35,063 - INFO - Successfully installed/upgraded flask.
2025-07-15 07:54:35,119 - INFO - PyPDF2 is already installed.
2025-07-15 07:54:35,119 - INFO - Checking and installing/upgrading package: PyPDF2
2025-07-15 07:54:39,483 - INFO - Successfully installed/upgraded PyPDF2.
2025-07-15 07:54:39,564 - INFO - docx is already installed.
2025-07-15 07:54:39,564 - INFO - Checking and installing/upgrading package: python-docx
2025-07-15 07:54:43,708 - INFO - Successfully installed/upgraded python-docx.
2025-07-15 07:54:43,709 - INFO - sumy is already installed.
2025-07-15 07:54:43,710 - INFO - Checking and installing/upgrading package: sumy
2025-07-15 07:54:48,231 - INFO - Successfully installed/upgraded sumy.
2025-07-15 07:54:50,073 - INFO - NumExpr defaulting to 8 threads.
2025-07-15 07:54:50,647 - INFO - nltk is already installed.
2025-07-15 07:54:50,647 - INFO - Checking and installing/upgrading package: nltk
2025-07-15 07:54:55,151 - INFO - Successfully installed/upgraded nltk.
2025-07-15 07:54:55,154 - INFO - sklearn is already installed.
2025-07-15 07:54:55,154 - INFO - Checking and installing/upgrading package: scikit-learn
2025-07-15 07:54:59,864 - INFO - Successfully installed/upgraded scikit-learn.
2025-07-15 07:55:05,696 - INFO - spacy is already installed.
2025-07-15 07:55:05,696 - INFO - Checking and installing/upgrading package: spacy
2025-07-15 07:55:11,150 - INFO - Successfully installed/upgraded spacy.
2025-07-15 07:55:12,814 - WARNING -  * Debugger is active!
2025-07-15 07:55:12,817 - INFO -  * Debugger PIN: 853-047-994
2025-07-15 07:55:15,547 - INFO - Extracting text from uploads/test_doc1.docx (extension: .docx)
2025-07-15 07:55:15,583 - INFO - Extracting text from uploads/test_doc2.docx (extension: .docx)
2025-07-15 07:55:16,017 - INFO - 127.0.0.1 - - [15/Jul/2025 07:55:16] "POST / HTTP/1.1" 200 -
2025-07-15 07:55:40,322 - INFO - 127.0.0.1 - - [15/Jul/2025 07:55:40] "POST / HTTP/1.1" 200 -
2025-07-15 07:55:48,055 - INFO - 127.0.0.1 - - [15/Jul/2025 07:55:48] "POST / HTTP/1.1" 200 -
2025-07-15 07:56:36,146 - INFO - Extracting text from uploads/final_test1.md (extension: .md)
2025-07-15 07:56:36,148 - INFO - Extracting text from uploads/final_test2.md (extension: .md)
2025-07-15 07:56:36,537 - INFO - 127.0.0.1 - - [15/Jul/2025 07:56:36] "POST / HTTP/1.1" 200 -
